Daemon process terminated and closed the connection

Messages from the log:
    at new Promise (<anonymous>)
    at startServer (d:\PROFESSIONALIT_GitRepository_WorkSpace\PI_JRTP05_0825_Frontend\.nx\installation\node_modules\nx\src\daemon\server\server.js:372:12)
    at async d:\PROFESSIONALIT_GitRepository_WorkSpace\PI_JRTP05_0825_Frontend\.nx\installation\node_modules\nx\src\daemon\server\start.js:8:9
Emitted 'error' event on Server instance at:
    at emitErrorNT (node:net:1973:8)
    at process.processTicksAndRejections (node:internal/process/task_queues:90:21) {
  code: 'EADDRINUSE',
  errno: -4091,
  syscall: 'listen',
  address: '\\\\.\\pipe\\nx\\C:\\Users\\MANIS~1.MAN\\AppData\\Local\\Temp\\8d7a088f1326abb00b08\\d.sock',
  port: -1
}

Node.js v22.14.0
[NX v21.5.3 Daemon Server] - 2025-10-06T08:07:46.984Z - [WATCHER]: Stopping the watcher for d:\PROFESSIONALIT_GitRepository_WorkSpace\PI_JRTP05_0825_Frontend (sources)
[NX v21.5.3 Daemon Server] - 2025-10-06T08:07:46.984Z - Closed a connection. Number of open connections: 1
[NX v21.5.3 Daemon Server] - 2025-10-06T08:07:46.984Z - Closed a connection. Number of open connections: 0
[NX v21.5.3 Daemon Server] - 2025-10-06T08:07:46.984Z - [WATCHER]: Stopping the watcher for d:\PROFESSIONALIT_GitRepository_WorkSpace\PI_JRTP05_0825_Frontend (outputs)
[NX v21.5.3 Daemon Server] - 2025-10-06T08:07:46.985Z - Server stopped because: "this process is no longer the current daemon (native)"



More information: d:\PROFESSIONALIT_GitRepository_WorkSpace\PI_JRTP05_0825_Frontend\.nx\workspace-data\d\daemon.log