[NX v21.5.3 Daemon Server] - 2025-10-06T08:07:46.840Z - Started listening on: \\.\pipe\nx\C:\Users\MANIS~1.MAN\AppData\Local\Temp\8d7a088f1326abb00b08\d.sock
[NX v21.5.3 Daemon Server] - 2025-10-06T08:07:46.845Z - [WATCHER]: Subscribed to changes within: d:\PROFESSIONALIT_GitRepository_WorkSpace\PI_JRTP05_0825_Frontend (native)
[NX v21.5.3 Daemon Server] - 2025-10-06T08:07:46.853Z - Established a connection. Number of open connections: 1
[NX v21.5.3 Daemon Server] - 2025-10-06T08:07:46.857Z - Closed a connection. Number of open connections: 0
[NX v21.5.3 Daemon Server] - 2025-10-06T08:07:46.858Z - Established a connection. Number of open connections: 1
[NX v21.5.3 Daemon Server] - 2025-10-06T08:07:46.858Z - Established a connection. Number of open connections: 2
[NX v21.5.3 Daemon Server] - 2025-10-06T08:07:46.859Z - Closed a connection. Number of open connections: 1
[NX v21.5.3 Daemon Server] - 2025-10-06T08:07:46.861Z - [REQUEST]: Client Request for Project Graph Received
[NX v21.5.3 Daemon Server] - 2025-10-06T08:07:46.907Z - Time taken for 'loadSpecifiedNxPlugins' 3.611599999999953ms
[NX v21.5.3 Daemon Server] - 2025-10-06T08:07:46.944Z - Established a connection. Number of open connections: 2
[NX v21.5.3 Daemon Server] - 2025-10-06T08:07:46.945Z - Closed a connection. Number of open connections: 1
[NX v21.5.3 Daemon Server] - 2025-10-06T08:07:46.945Z - Established a connection. Number of open connections: 2
[NX v21.5.3 Daemon Server] - 2025-10-06T08:07:46.947Z - [REQUEST]: Client Request for Project Graph Received
node:events:496
      throw er; // Unhandled 'error' event
      ^

Error: listen EADDRINUSE: address already in use \\.\pipe\nx\C:\Users\MANIS~1.MAN\AppData\Local\Temp\8d7a088f1326abb00b08\d.sock
    at Server.setupListenHandle [as _listen2] (node:net:1915:21)
    at listenInCluster (node:net:1994:12)
    at Server.listen (node:net:2116:5)
    at d:\PROFESSIONALIT_GitRepository_WorkSpace\PI_JRTP05_0825_Frontend\.nx\installation\node_modules\nx\src\daemon\server\server.js:374:20
    at new Promise (<anonymous>)
    at startServer (d:\PROFESSIONALIT_GitRepository_WorkSpace\PI_JRTP05_0825_Frontend\.nx\installation\node_modules\nx\src\daemon\server\server.js:372:12)
    at async d:\PROFESSIONALIT_GitRepository_WorkSpace\PI_JRTP05_0825_Frontend\.nx\installation\node_modules\nx\src\daemon\server\start.js:8:9
Emitted 'error' event on Server instance at:
    at emitErrorNT (node:net:1973:8)
    at process.processTicksAndRejections (node:internal/process/task_queues:90:21) {
  code: 'EADDRINUSE',
  errno: -4091,
  syscall: 'listen',
  address: '\\\\.\\pipe\\nx\\C:\\Users\\MANIS~1.MAN\\AppData\\Local\\Temp\\8d7a088f1326abb00b08\\d.sock',
  port: -1
}

Node.js v22.14.0
[NX v21.5.3 Daemon Server] - 2025-10-06T08:07:46.984Z - [WATCHER]: Stopping the watcher for d:\PROFESSIONALIT_GitRepository_WorkSpace\PI_JRTP05_0825_Frontend (sources)
[NX v21.5.3 Daemon Server] - 2025-10-06T08:07:46.984Z - Closed a connection. Number of open connections: 1
[NX v21.5.3 Daemon Server] - 2025-10-06T08:07:46.984Z - Closed a connection. Number of open connections: 0
[NX v21.5.3 Daemon Server] - 2025-10-06T08:07:46.984Z - [WATCHER]: Stopping the watcher for d:\PROFESSIONALIT_GitRepository_WorkSpace\PI_JRTP05_0825_Frontend (outputs)
[NX v21.5.3 Daemon Server] - 2025-10-06T08:07:46.985Z - Server stopped because: "this process is no longer the current daemon (native)"
Time for 'plugin worker 30604 code loading' 13.506
Time for 'plugin worker 31912 code loading' 14.527500000000003
Time for 'plugin worker 24172 code loading' 14.197299999999998
[NX v21.5.3 Daemon Server] - 2025-10-06T08:07:48.524Z - Started listening on: \\.\pipe\nx\C:\Users\MANIS~1.MAN\AppData\Local\Temp\8d7a088f1326abb00b08\d.sock
[NX v21.5.3 Daemon Server] - 2025-10-06T08:07:48.527Z - [WATCHER]: Subscribed to changes within: d:\PROFESSIONALIT_GitRepository_WorkSpace\PI_JRTP05_0825_Frontend (native)
[NX v21.5.3 Daemon Server] - 2025-10-06T08:07:48.529Z - Established a connection. Number of open connections: 1
[NX v21.5.3 Daemon Server] - 2025-10-06T08:07:48.530Z - Established a connection. Number of open connections: 2
[NX v21.5.3 Daemon Server] - 2025-10-06T08:07:48.532Z - Closed a connection. Number of open connections: 1
[NX v21.5.3 Daemon Server] - 2025-10-06T08:07:48.770Z - [REQUEST]: Responding to the client. handleMultiGlob
[NX v21.5.3 Daemon Server] - 2025-10-06T08:07:48.842Z - Done responding to the client handleMultiGlob
[NX v21.5.3 Daemon Server] - 2025-10-06T08:07:48.842Z - Handled MULTI_GLOB. Handling time: 237. Response time: 72.
[NX v21.5.3 Daemon Server] - 2025-10-06T08:07:48.845Z - [REQUEST]: Responding to the client. handleNxWorkspaceFiles
[NX v21.5.3 Daemon Server] - 2025-10-06T08:07:48.846Z - Time taken for 'loadSpecifiedNxPlugins' 1.6008000000000493ms
[NX v21.5.3 Daemon Server] - 2025-10-06T08:07:48.849Z - Done responding to the client handleNxWorkspaceFiles
[NX v21.5.3 Daemon Server] - 2025-10-06T08:07:48.849Z - Handled GET_NX_WORKSPACE_FILES. Handling time: 2. Response time: 4.
[NX v21.5.3 Daemon Server] - 2025-10-06T08:07:48.878Z - [REQUEST]: Responding to the client. handleContextFileData
[NX v21.5.3 Daemon Server] - 2025-10-06T08:07:48.880Z - Done responding to the client handleContextFileData
[NX v21.5.3 Daemon Server] - 2025-10-06T08:07:48.880Z - Handled GET_CONTEXT_FILE_DATA. Handling time: 1. Response time: 2.
[NX v21.5.3 Daemon Server] - 2025-10-06T08:07:48.882Z - Closed a connection. Number of open connections: 0
Time for 'plugin worker 16700 code loading' 5.154200000000003
Time for 'plugin worker 32628 code loading' 5.113900000000001
Time for 'plugin worker 29396 code loading' 4.2668000000000035
[NX v21.5.3 Daemon Server] - 2025-10-06T08:07:49.237Z - Time taken for 'Load Nx Plugin: d:\PROFESSIONALIT_GitRepository_WorkSpace\PI_JRTP05_0825_Frontend\.nx\installation\node_modules\nx\src\plugins\package-json' 448.07949999999994ms
[NX v21.5.3 Daemon Server] - 2025-10-06T08:07:49.242Z - Time taken for 'Load Nx Plugin: d:\PROFESSIONALIT_GitRepository_WorkSpace\PI_JRTP05_0825_Frontend\.nx\installation\node_modules\nx\src\plugins\project-json\build-nodes\project-json' 453.10130000000015ms
[NX v21.5.3 Daemon Server] - 2025-10-06T08:07:49.267Z - [REQUEST]: Updated workspace context based on watched changes, recomputing project graph...
[NX v21.5.3 Daemon Server] - 2025-10-06T08:07:49.267Z - [REQUEST]: 
[NX v21.5.3 Daemon Server] - 2025-10-06T08:07:49.267Z - [REQUEST]: 
Time for 'nx/js/dependencies-and-lockfile:createNodes' 0.17490000000003647
[NX v21.5.3 Daemon Server] - 2025-10-06T08:07:49.275Z - Time taken for 'loadDefaultNxPlugins' 478.84220000000005ms
Time for 'nx/core/package-json:createNodes' 0.766900000000021
Time for 'nx/core/project-json:createNodes' 1.7099000000000046
[NX v21.5.3 Daemon Server] - 2025-10-06T08:07:49.317Z - Time taken for 'build-project-configs' 30.962800000000016ms
Time for 'build typescript dependencies' 0.4420000000000073
[NX v21.5.3 Daemon Server] - 2025-10-06T08:07:49.324Z - Wrote project graph cache to d:\PROFESSIONALIT_GitRepository_WorkSpace\PI_JRTP05_0825_Frontend\.nx\workspace-data\project-graph.json with errors
[NX v21.5.3 Daemon Server] - 2025-10-06T08:07:49.324Z - Time taken for 'total execution time for createProjectGraph()' 6.671399999999949ms
The plugin worker is exiting as it was not connected to within 5 seconds.
The plugin worker is exiting as it was not connected to within 5 seconds.
The plugin worker is exiting as it was not connected to within 5 seconds.
[NX v21.5.3 Daemon Server] - 2025-10-06T08:14:59.550Z - [WATCHER]: Processing file changes in outputs
[NX v21.5.3 Daemon Server] - 2025-10-06T08:15:01.457Z - [WATCHER]: Processing file changes in outputs
[NX v21.5.3 Daemon Server] - 2025-10-06T08:15:11.107Z - [WATCHER]: Processing file changes in outputs
[NX v21.5.3 Daemon Server] - 2025-10-06T08:15:11.282Z - [WATCHER]: Processing file changes in outputs
[NX v21.5.3 Daemon Server] - 2025-10-06T08:15:11.395Z - [WATCHER]: Processing file changes in outputs
[NX v21.5.3 Daemon Server] - 2025-10-06T08:15:11.493Z - [WATCHER]: Processing file changes in outputs
[NX v21.5.3 Daemon Server] - 2025-10-06T11:07:48.892Z - [WATCHER]: Stopping the watcher for d:\PROFESSIONALIT_GitRepository_WorkSpace\PI_JRTP05_0825_Frontend (sources)
[NX v21.5.3 Daemon Server] - 2025-10-06T11:07:48.893Z - [WATCHER]: Stopping the watcher for d:\PROFESSIONALIT_GitRepository_WorkSpace\PI_JRTP05_0825_Frontend (outputs)
[NX v21.5.3 Daemon Server] - 2025-10-06T11:07:48.894Z - Server stopped because: "10800000ms of inactivity"
